2/23/2018 10:52:18 AM	This log contains information about the import schema operation into project 'PerformanceV3' on computer 'L7DR16446' by user 'e_msmith'.
2/23/2018 10:52:18 AM	Import of database schema has started.
2/23/2018 10:52:23 AM	Gathering database options
2/23/2018 10:52:23 AM	Gathering users
2/23/2018 10:52:23 AM	Gathering roles
2/23/2018 10:52:23 AM	Gathering application roles
2/23/2018 10:52:23 AM	Gathering role memberships
2/23/2018 10:52:23 AM	Gathering filegroups
2/23/2018 10:52:23 AM	Gathering full-text catalogs
2/23/2018 10:52:23 AM	Gathering assemblies
2/23/2018 10:52:23 AM	Gathering certificates
2/23/2018 10:52:23 AM	Gathering asymmetric keys
2/23/2018 10:52:23 AM	Gathering symmetric keys
2/23/2018 10:52:23 AM	Gathering encrypted symmetric keys
2/23/2018 10:52:23 AM	Gathering schemas
2/23/2018 10:52:23 AM	Gathering XML schema collections
2/23/2018 10:52:23 AM	Gathering user-defined data types
2/23/2018 10:52:23 AM	Gathering user-defined types
2/23/2018 10:52:23 AM	Gathering table types
2/23/2018 10:52:23 AM	Gathering unique keys for table types
2/23/2018 10:52:23 AM	Gathering primary keys for table types
2/23/2018 10:52:23 AM	Gathering indexes for table types
2/23/2018 10:52:23 AM	Gathering check constraints for table types
2/23/2018 10:52:23 AM	Gathering default constraints for table types
2/23/2018 10:52:23 AM	Gathering partition functions
2/23/2018 10:52:23 AM	Gathering partition schemes
2/23/2018 10:52:23 AM	Gathering functions
2/23/2018 10:52:23 AM	Gathering encrypted functions
2/23/2018 10:52:23 AM	Gathering aggregates
2/23/2018 10:52:23 AM	Gathering procedures
2/23/2018 10:52:23 AM	Gathering encrypted procedures
2/23/2018 10:52:23 AM	Gathering tables
2/23/2018 10:52:23 AM	Gathering primary keys
2/23/2018 10:52:23 AM	Gathering unique constraints
2/23/2018 10:52:23 AM	Gathering foreign keys
2/23/2018 10:52:23 AM	Gathering default constraints
2/23/2018 10:52:23 AM	Gathering check constraints
2/23/2018 10:52:23 AM	Gathering views
2/23/2018 10:52:23 AM	Gathering encrypted views
2/23/2018 10:52:23 AM	Gathering indexes
2/23/2018 10:52:23 AM	Gathering statistics
2/23/2018 10:52:23 AM	Gathering full-text index stoplists
2/23/2018 10:52:23 AM	Gathering search property lists
2/23/2018 10:52:23 AM	Gathering search properties
2/23/2018 10:52:23 AM	Gathering full-text indexes
2/23/2018 10:52:23 AM	Gathering column store indexes
2/23/2018 10:52:23 AM	Gathering spatial indexes
2/23/2018 10:52:23 AM	Gathering XML indexes
2/23/2018 10:52:23 AM	Gathering Selective XML indexes
2/23/2018 10:52:23 AM	Gathering encrypted triggers
2/23/2018 10:52:23 AM	Gathering triggers
2/23/2018 10:52:23 AM	Gathering encrypted and clr ddl triggers
2/23/2018 10:52:23 AM	Gathering ddl triggers
2/23/2018 10:52:23 AM	Gathering synonyms
2/23/2018 10:52:23 AM	Gathering defaults
2/23/2018 10:52:23 AM	Gathering data constraint uddt bindings
2/23/2018 10:52:23 AM	Gathering rules
2/23/2018 10:52:23 AM	Gathering data constraint uddt bindings
2/23/2018 10:52:23 AM	Gathering message types
2/23/2018 10:52:23 AM	Gathering queues
2/23/2018 10:52:23 AM	Gathering contracts
2/23/2018 10:52:23 AM	Gathering services
2/23/2018 10:52:23 AM	Gathering event notifications
2/23/2018 10:52:23 AM	Gathering remote service bindings
2/23/2018 10:52:23 AM	Gathering broker priorities
2/23/2018 10:52:23 AM	Gathering signatures
2/23/2018 10:52:23 AM	Gathering data compression options
2/23/2018 10:52:23 AM	Gathering sequence types
2/23/2018 10:52:23 AM	Gathering extended properties
2/23/2018 10:52:23 AM	Scanning project for duplicate elements
2/23/2018 10:52:23 AM	Finished duplicate element processing
2/23/2018 10:52:23 AM	Finished importing database.
2/23/2018 10:52:23 AM	A summary of the import was saved to the following location: C:\Users\msmith\Projects\TSQL\PerformanceV3\PerformanceV3\Import Schema Logs\PerformanceV3_20180223045218.log
2/23/2018 10:52:23 AM	Click Finish to continue...
